[debug] [2019-05-10T15:39:54.735Z] ----------------------------------------------------------------------
[debug] [2019-05-10T15:39:54.737Z] Command:       /usr/local/Cellar/node/11.14.0_1/bin/node /usr/local/bin/firebase serve
[debug] [2019-05-10T15:39:54.737Z] CLI Version:   6.9.1
[debug] [2019-05-10T15:39:54.738Z] Platform:      darwin
[debug] [2019-05-10T15:39:54.738Z] Node Version:  v11.14.0
[debug] [2019-05-10T15:39:54.738Z] Time:          Fri May 10 2019 11:39:54 GMT-0400 (Eastern Daylight Time)
[debug] [2019-05-10T15:39:54.738Z] ----------------------------------------------------------------------
[debug] 
[debug] [2019-05-10T15:39:54.749Z] > command requires scopes: ["email","openid","https://www.googleapis.com/auth/cloudplatformprojects.readonly","https://www.googleapis.com/auth/firebase","https://www.googleapis.com/auth/cloud-platform"]
[debug] [2019-05-10T15:39:54.750Z] > authorizing via signed-in user
[debug] [2019-05-10T15:39:54.750Z] [iam] checking project knowyou-e31a6 for permissions ["firebase.projects.get"]
[debug] [2019-05-10T15:39:54.752Z] >>> HTTP REQUEST POST https://cloudresourcemanager.googleapis.com/v1/projects/knowyou-e31a6:testIamPermissions  

[debug] [2019-05-10T15:39:55.085Z] <<< HTTP RESPONSE 200
[debug] [2019-05-10T15:39:55.087Z] >>> HTTP REQUEST GET https://cloudresourcemanager.googleapis.com/v1/projects/knowyou-e31a6  
 
[debug] [2019-05-10T15:39:55.173Z] <<< HTTP RESPONSE 200
[info] 
[info] === Serving from '/Users/ariannachoza/otherCode/know-you'...
[info] 
[warn] ⚠  Your requested "node" version "8" doesn't match your global version "11"
[debug] [2019-05-10T15:39:55.184Z] >>> HTTP REQUEST GET https://mobilesdk-pa.googleapis.com/v1/projects/846232402101:getServerAppConfig  
 
[debug] [2019-05-10T15:39:55.371Z] <<< HTTP RESPONSE 200
[info] ✔  functions: Emulator started at http://localhost:5001
[info] i  functions: Watching "/Users/ariannachoza/otherCode/know-you/functions" for Cloud Functions...
[debug] [2019-05-10T15:39:55.836Z] Functions runtime initialized.
[debug] [2019-05-10T15:39:55.836Z] Disabled runtime features: {"functions_config_helper":true,"network_filtering":true,"timeout":true,"memory_limiting":true,"protect_env":true,"admin_stubs":true}
[warn] ⚠  The Cloud Functions emulator requires the module "firebase-admin" to be installed. This package is in your package.json, but it's not available. You probably need to run "npm install" in your functions directory.
[info] i  functions: Your functions could not be parsed due to an issue with your node_modules (see above)
[warn] ⚠  Failed to load functions source code.
[info] Error parsing triggers: Cannot find module '/Users/ariannachoza/otherCode/know-you/functions'

Try running "npm install" in your functions directory before deploying.
